<?xml version="1.0" encoding="UTF-8"?>
<testng-results ignored="0" total="1" passed="1" failed="0" skipped="0">
  <reporter-output>
  </reporter-output>
  <suite started-at="2022-05-27T11:53:01 IST" name="EmergingServices-TMS" finished-at="2022-05-27T11:53:01 IST" duration-ms="30">
    <groups>
    </groups>
    <test started-at="2022-05-27T11:53:01 IST" name="New_Test" finished-at="2022-05-27T11:53:01 IST" duration-ms="30">
      <class name="TestSite.TestSiteLaunch">
        <test-method signature="SiteLaunch()[pri:0, instance:TestSite.TestSiteLaunch@5fa07e12]" started-at="2022-05-27T11:53:01 IST" name="SiteLaunch" finished-at="2022-05-27T11:53:01 IST" duration-ms="6" status="PASS">
          <reporter-output>
          </reporter-output>
        </test-method> <!-- SiteLaunch -->
      </class> <!-- TestSite.TestSiteLaunch -->
    </test> <!-- New_Test -->
  </suite> <!-- EmergingServices-TMS -->
</testng-results>
